[2026-01-16 01:36:52] Starting wallpaper update...
[2026-01-16 01:36:53] Wallpaper update completed successfully.
[2026-01-16 01:37:02] Skipping update: Already executed for today (2026-01-16).
[2026-01-16 01:46:00] Skipping update: Already executed for today (2026-01-16).
[2026-01-17 00:08:43] Starting wallpaper update...
[2026-01-17 00:08:45] Wallpaper update completed successfully.
[2026-01-17 00:20:58] Warning: Could not read/parse state file. Proceeding with update.
[2026-01-17 00:20:58] Starting wallpaper update...
[2026-01-17 00:20:58] Running script: C:\Visual Studio Code\Wallpaper\scripts\run_wallpaper.bat
[2026-01-17 00:20:58] Working Directory: C:\Visual Studio Code\Wallpaper
[2026-01-17 00:20:59] Wallpaper update completed successfully.
[2026-01-17 00:38:41] Warning: Could not read/parse state file. Proceeding with update.
[2026-01-17 00:38:41] Starting wallpaper update...
[2026-01-17 00:38:41] Running script: C:\Visual Studio Code\Wallpaper\scripts\run_wallpaper.bat
[2026-01-17 00:38:41] Working Directory: C:\Visual Studio Code\Wallpaper
[2026-01-17 00:38:43] Wallpaper update completed successfully.
[2026-01-17 00:38:52] Skipping update: Already executed for today (2026-01-17).
[2026-01-18 11:10:28] Starting wallpaper update...
[2026-01-18 11:10:28] Running script: C:\Visual Studio Code\Wallpaper\scripts\run_wallpaper.bat
[2026-01-18 11:10:28] Working Directory: C:\Visual Studio Code\Wallpaper
[2026-01-18 11:10:32] Wallpaper update completed successfully.
[2026-01-18 11:17:22] Starting wallpaper update...
[2026-01-18 11:17:22] Running script: C:\Visual Studio Code\Wallpaper\scripts\run_wallpaper.bat
[2026-01-18 11:17:22] Working Directory: C:\Visual Studio Code\Wallpaper
[2026-01-18 11:17:22] CRITICAL ERROR: This command cannot be run because "RedirectStandardOutput" and "RedirectStandardError" are same. Give different inputs and Run your command again.
[2026-01-18 11:17:22] Stack Trace: at <ScriptBlock>, C:\Visual Studio Code\Wallpaper\scripts\guard_runner.ps1: line 53
at <ScriptBlock>, <No file>: line 1
[2026-01-18 11:19:33] Starting wallpaper update...
[2026-01-18 11:19:33] Running script: C:\Visual Studio Code\Wallpaper\scripts\run_wallpaper.bat
[2026-01-18 11:19:33] Working Directory: C:\Visual Studio Code\Wallpaper
[2026-01-18 11:19:33] CRITICAL ERROR: This command cannot be run because "RedirectStandardOutput" and "RedirectStandardError" are same. Give different inputs and Run your command again.
[2026-01-18 11:19:33] Stack Trace: at <ScriptBlock>, C:\Visual Studio Code\Wallpaper\scripts\guard_runner.ps1: line 53
at <ScriptBlock>, <No file>: line 1
[2026-01-18 11:19:49] Starting wallpaper update...
[2026-01-18 11:19:49] Running script: C:\Visual Studio Code\Wallpaper\scripts\run_wallpaper.bat
[2026-01-18 11:19:49] Working Directory: C:\Visual Studio Code\Wallpaper
[2026-01-18 11:19:49] CRITICAL ERROR: This command cannot be run because "RedirectStandardOutput" and "RedirectStandardError" are same. Give different inputs and Run your command again.
[2026-01-18 11:19:49] Stack Trace: at <ScriptBlock>, C:\Visual Studio Code\Wallpaper\scripts\guard_runner.ps1: line 53
at <ScriptBlock>, <No file>: line 1
[2026-01-18 11:21:31] Starting wallpaper update...
[2026-01-18 11:21:31] Running script: C:\Visual Studio Code\Wallpaper\scripts\run_wallpaper.bat
[2026-01-18 11:21:31] Working Directory: C:\Visual Studio Code\Wallpaper
[2026-01-18 11:21:32] === Script Output Start ===
[2026-01-18 11:21:32] Loading configuration...
Rendering Life Ledger (4K)...
Applying post-processing...
Wallpaper Updated.

[2026-01-18 11:21:33] === Script Output End ===
[2026-01-18 11:21:33] Wallpaper update completed successfully.
